{"C:\\Users\\USUARIO\\OneDrive\\UNIVERSIDAD\\SEMESTRE 7\\COMPUTACION III\\Clone-BurguerHouse\\NodeJS-BurgerHouse\\src\\controllers\\product.controller.ts": {"path":"C:\\Users\\USUARIO\\OneDrive\\UNIVERSIDAD\\SEMESTRE 7\\COMPUTACION III\\Clone-BurguerHouse\\NodeJS-BurgerHouse\\src\\controllers\\product.controller.ts","statementMap":{"0":{"start":{"line":2,"column":0},"end":{"line":2,"column":45}},"1":{"start":{"line":8,"column":8},"end":{"line":20,"column":9}},"2":{"start":{"line":9,"column":58},"end":{"line":9,"column":105}},"3":{"start":{"line":10,"column":12},"end":{"line":13,"column":13}},"4":{"start":{"line":11,"column":16},"end":{"line":11,"column":95}},"5":{"start":{"line":12,"column":16},"end":{"line":12,"column":23}},"6":{"start":{"line":14,"column":45},"end":{"line":14,"column":82}},"7":{"start":{"line":15,"column":12},"end":{"line":15,"column":42}},"8":{"start":{"line":18,"column":12},"end":{"line":18,"column":null}},"9":{"start":{"line":19,"column":12},"end":{"line":19,"column":19}},"10":{"start":{"line":24,"column":8},"end":{"line":34,"column":9}},"11":{"start":{"line":25,"column":33},"end":{"line":25,"column":48}},"12":{"start":{"line":26,"column":52},"end":{"line":26,"column":85}},"13":{"start":{"line":27,"column":12},"end":{"line":30,"column":13}},"14":{"start":{"line":28,"column":15},"end":{"line":28,"column":78}},"15":{"start":{"line":29,"column":15},"end":{"line":29,"column":22}},"16":{"start":{"line":31,"column":12},"end":{"line":31,"column":30}},"17":{"start":{"line":33,"column":12},"end":{"line":33,"column":null}},"18":{"start":{"line":38,"column":8},"end":{"line":43,"column":9}},"19":{"start":{"line":39,"column":48},"end":{"line":39,"column":77}},"20":{"start":{"line":40,"column":12},"end":{"line":40,"column":31}},"21":{"start":{"line":42,"column":12},"end":{"line":42,"column":24}},"22":{"start":{"line":47,"column":8},"end":{"line":56,"column":9}},"23":{"start":{"line":48,"column":33},"end":{"line":48,"column":48}},"24":{"start":{"line":49,"column":52},"end":{"line":49,"column":111}},"25":{"start":{"line":50,"column":12},"end":{"line":52,"column":13}},"26":{"start":{"line":51,"column":16},"end":{"line":51,"column":null}},"27":{"start":{"line":53,"column":12},"end":{"line":53,"column":30}},"28":{"start":{"line":55,"column":12},"end":{"line":55,"column":null}},"29":{"start":{"line":62,"column":13},"end":{"line":62,"column":57}}},"fnMap":{"0":{"name":"(anonymous_7)","decl":{"start":{"line":7,"column":10},"end":{"line":7,"column":16}},"loc":{"start":{"line":7,"column":44},"end":{"line":21,"column":null}}},"1":{"name":"(anonymous_9)","decl":{"start":{"line":23,"column":10},"end":{"line":23,"column":16}},"loc":{"start":{"line":23,"column":44},"end":{"line":35,"column":null}}},"2":{"name":"(anonymous_11)","decl":{"start":{"line":37,"column":10},"end":{"line":37,"column":17}},"loc":{"start":{"line":37,"column":45},"end":{"line":44,"column":null}}},"3":{"name":"(anonymous_13)","decl":{"start":{"line":46,"column":10},"end":{"line":46,"column":16}},"loc":{"start":{"line":46,"column":44},"end":{"line":57,"column":null}}}},"branchMap":{"0":{"loc":{"start":{"line":10,"column":12},"end":{"line":13,"column":13}},"type":"if","locations":[{"start":{"line":10,"column":12},"end":{"line":13,"column":13}}]},"1":{"loc":{"start":{"line":27,"column":12},"end":{"line":30,"column":13}},"type":"if","locations":[{"start":{"line":27,"column":12},"end":{"line":30,"column":13}}]},"2":{"loc":{"start":{"line":50,"column":12},"end":{"line":52,"column":13}},"type":"if","locations":[{"start":{"line":50,"column":12},"end":{"line":52,"column":13}}]}},"s":{"0":1,"1":3,"2":3,"3":3,"4":1,"5":1,"6":2,"7":1,"8":1,"9":1,"10":2,"11":2,"12":2,"13":2,"14":1,"15":1,"16":1,"17":0,"18":1,"19":1,"20":1,"21":0,"22":2,"23":2,"24":2,"25":2,"26":1,"27":2,"28":0,"29":1},"f":{"0":3,"1":2,"2":1,"3":2},"b":{"0":[1],"1":[1],"2":[1]}}
,"C:\\Users\\USUARIO\\OneDrive\\UNIVERSIDAD\\SEMESTRE 7\\COMPUTACION III\\Clone-BurguerHouse\\NodeJS-BurgerHouse\\src\\models\\index.ts": {"path":"C:\\Users\\USUARIO\\OneDrive\\UNIVERSIDAD\\SEMESTRE 7\\COMPUTACION III\\Clone-BurguerHouse\\NodeJS-BurgerHouse\\src\\models\\index.ts","statementMap":{"0":{"start":{"line":1,"column":0},"end":{"line":1,"column":28}},"1":{"start":{"line":2,"column":0},"end":{"line":2,"column":31}},"2":{"start":{"line":3,"column":0},"end":{"line":3,"column":29}}},"fnMap":{},"branchMap":{},"s":{"0":3,"1":3,"2":3},"f":{},"b":{}}
,"C:\\Users\\USUARIO\\OneDrive\\UNIVERSIDAD\\SEMESTRE 7\\COMPUTACION III\\Clone-BurguerHouse\\NodeJS-BurgerHouse\\src\\models\\order.model.ts": {"path":"C:\\Users\\USUARIO\\OneDrive\\UNIVERSIDAD\\SEMESTRE 7\\COMPUTACION III\\Clone-BurguerHouse\\NodeJS-BurgerHouse\\src\\models\\order.model.ts","statementMap":{"0":{"start":{"line":1,"column":0},"end":{"line":1,"column":51}},"1":{"start":{"line":25,"column":20},"end":{"line":48,"column":2}},"2":{"start":{"line":50,"column":13},"end":{"line":50,"column":64}}},"fnMap":{},"branchMap":{},"s":{"0":3,"1":3,"2":3},"f":{},"b":{}}
,"C:\\Users\\USUARIO\\OneDrive\\UNIVERSIDAD\\SEMESTRE 7\\COMPUTACION III\\Clone-BurguerHouse\\NodeJS-BurgerHouse\\src\\models\\product.model.ts": {"path":"C:\\Users\\USUARIO\\OneDrive\\UNIVERSIDAD\\SEMESTRE 7\\COMPUTACION III\\Clone-BurguerHouse\\NodeJS-BurgerHouse\\src\\models\\product.model.ts","statementMap":{"0":{"start":{"line":1,"column":0},"end":{"line":1,"column":33}},"1":{"start":{"line":14,"column":22},"end":{"line":19,"column":2}},"2":{"start":{"line":21,"column":13},"end":{"line":21,"column":86}}},"fnMap":{},"branchMap":{},"s":{"0":3,"1":3,"2":3},"f":{},"b":{}}
,"C:\\Users\\USUARIO\\OneDrive\\UNIVERSIDAD\\SEMESTRE 7\\COMPUTACION III\\Clone-BurguerHouse\\NodeJS-BurgerHouse\\src\\models\\user.model.ts": {"path":"C:\\Users\\USUARIO\\OneDrive\\UNIVERSIDAD\\SEMESTRE 7\\COMPUTACION III\\Clone-BurguerHouse\\NodeJS-BurgerHouse\\src\\models\\user.model.ts","statementMap":{"0":{"start":{"line":1,"column":0},"end":{"line":1,"column":33}},"1":{"start":{"line":14,"column":19},"end":{"line":19,"column":2}},"2":{"start":{"line":21,"column":13},"end":{"line":21,"column":74}}},"fnMap":{},"branchMap":{},"s":{"0":3,"1":3,"2":3},"f":{},"b":{}}
,"C:\\Users\\USUARIO\\OneDrive\\UNIVERSIDAD\\SEMESTRE 7\\COMPUTACION III\\Clone-BurguerHouse\\NodeJS-BurgerHouse\\src\\services\\index.ts": {"path":"C:\\Users\\USUARIO\\OneDrive\\UNIVERSIDAD\\SEMESTRE 7\\COMPUTACION III\\Clone-BurguerHouse\\NodeJS-BurgerHouse\\src\\services\\index.ts","statementMap":{"0":{"start":{"line":1,"column":0},"end":{"line":1,"column":31}},"1":{"start":{"line":2,"column":0},"end":{"line":2,"column":34}},"2":{"start":{"line":3,"column":0},"end":{"line":3,"column":35}},"3":{"start":{"line":4,"column":0},"end":{"line":4,"column":32}}},"fnMap":{},"branchMap":{},"s":{"0":1,"1":1,"2":1,"3":1},"f":{},"b":{}}
,"C:\\Users\\USUARIO\\OneDrive\\UNIVERSIDAD\\SEMESTRE 7\\COMPUTACION III\\Clone-BurguerHouse\\NodeJS-BurgerHouse\\src\\services\\order.service.ts": {"path":"C:\\Users\\USUARIO\\OneDrive\\UNIVERSIDAD\\SEMESTRE 7\\COMPUTACION III\\Clone-BurguerHouse\\NodeJS-BurgerHouse\\src\\services\\order.service.ts","statementMap":{"0":{"start":{"line":1,"column":0},"end":{"line":1,"column":73}},"1":{"start":{"line":6,"column":8},"end":{"line":11,"column":9}},"2":{"start":{"line":7,"column":26},"end":{"line":7,"column":50}},"3":{"start":{"line":8,"column":12},"end":{"line":8,"column":25}},"4":{"start":{"line":10,"column":12},"end":{"line":10,"column":24}},"5":{"start":{"line":15,"column":8},"end":{"line":19,"column":9}},"6":{"start":{"line":16,"column":12},"end":{"line":16,"column":38}},"7":{"start":{"line":18,"column":12},"end":{"line":18,"column":24}},"8":{"start":{"line":22,"column":8},"end":{"line":26,"column":9}},"9":{"start":{"line":23,"column":12},"end":{"line":23,"column":44}},"10":{"start":{"line":25,"column":12},"end":{"line":25,"column":24}},"11":{"start":{"line":30,"column":8},"end":{"line":34,"column":9}},"12":{"start":{"line":31,"column":12},"end":{"line":31,"column":86}},"13":{"start":{"line":33,"column":12},"end":{"line":33,"column":24}},"14":{"start":{"line":38,"column":8},"end":{"line":42,"column":9}},"15":{"start":{"line":39,"column":12},"end":{"line":39,"column":53}},"16":{"start":{"line":41,"column":12},"end":{"line":41,"column":24}},"17":{"start":{"line":45,"column":4},"end":{"line":55,"column":5}},"18":{"start":{"line":46,"column":29},"end":{"line":49,"column":null}},"19":{"start":{"line":51,"column":8},"end":{"line":51,"column":28}},"20":{"start":{"line":53,"column":8},"end":{"line":53,"column":55}},"21":{"start":{"line":54,"column":8},"end":{"line":54,"column":20}},"22":{"start":{"line":60,"column":8},"end":{"line":64,"column":9}},"23":{"start":{"line":61,"column":12},"end":{"line":61,"column":53}},"24":{"start":{"line":63,"column":12},"end":{"line":63,"column":24}},"25":{"start":{"line":68,"column":13},"end":{"line":68,"column":47}}},"fnMap":{"0":{"name":"(anonymous_7)","decl":{"start":{"line":5,"column":10},"end":{"line":5,"column":16}},"loc":{"start":{"line":5,"column":33},"end":{"line":12,"column":null}}},"1":{"name":"(anonymous_9)","decl":{"start":{"line":14,"column":10},"end":{"line":14,"column":16}},"loc":{"start":{"line":14,"column":16},"end":{"line":20,"column":null}}},"2":{"name":"(anonymous_11)","decl":{"start":{"line":21,"column":10},"end":{"line":21,"column":17}},"loc":{"start":{"line":21,"column":28},"end":{"line":27,"column":null}}},"3":{"name":"(anonymous_13)","decl":{"start":{"line":29,"column":10},"end":{"line":29,"column":16}},"loc":{"start":{"line":29,"column":54},"end":{"line":35,"column":null}}},"4":{"name":"(anonymous_15)","decl":{"start":{"line":37,"column":10},"end":{"line":37,"column":16}},"loc":{"start":{"line":37,"column":27},"end":{"line":43,"column":null}}},"5":{"name":"(anonymous_17)","decl":{"start":{"line":44,"column":7},"end":{"line":44,"column":19}},"loc":{"start":{"line":44,"column":45},"end":{"line":56,"column":null}}},"6":{"name":"(anonymous_19)","decl":{"start":{"line":59,"column":10},"end":{"line":59,"column":24}},"loc":{"start":{"line":59,"column":38},"end":{"line":65,"column":null}}}},"branchMap":{},"s":{"0":1,"1":0,"2":0,"3":0,"4":0,"5":0,"6":0,"7":0,"8":0,"9":0,"10":0,"11":0,"12":0,"13":0,"14":0,"15":0,"16":0,"17":0,"18":0,"19":0,"20":0,"21":0,"22":0,"23":0,"24":0,"25":1},"f":{"0":0,"1":0,"2":0,"3":0,"4":0,"5":0,"6":0},"b":{}}
,"C:\\Users\\USUARIO\\OneDrive\\UNIVERSIDAD\\SEMESTRE 7\\COMPUTACION III\\Clone-BurguerHouse\\NodeJS-BurgerHouse\\src\\services\\product.service.ts": {"path":"C:\\Users\\USUARIO\\OneDrive\\UNIVERSIDAD\\SEMESTRE 7\\COMPUTACION III\\Clone-BurguerHouse\\NodeJS-BurgerHouse\\src\\services\\product.service.ts","statementMap":{"0":{"start":{"line":1,"column":0},"end":{"line":1,"column":72}},"1":{"start":{"line":5,"column":8},"end":{"line":10,"column":9}},"2":{"start":{"line":6,"column":28},"end":{"line":6,"column":59}},"3":{"start":{"line":7,"column":12},"end":{"line":7,"column":27}},"4":{"start":{"line":9,"column":12},"end":{"line":9,"column":24}},"5":{"start":{"line":14,"column":8},"end":{"line":19,"column":9}},"6":{"start":{"line":15,"column":27},"end":{"line":15,"column":76}},"7":{"start":{"line":16,"column":12},"end":{"line":16,"column":27}},"8":{"start":{"line":18,"column":12},"end":{"line":18,"column":24}},"9":{"start":{"line":24,"column":8},"end":{"line":29,"column":9}},"10":{"start":{"line":25,"column":28},"end":{"line":25,"column":70}},"11":{"start":{"line":26,"column":12},"end":{"line":26,"column":27}},"12":{"start":{"line":28,"column":12},"end":{"line":28,"column":24}},"13":{"start":{"line":33,"column":8},"end":{"line":39,"column":9}},"14":{"start":{"line":34,"column":48},"end":{"line":34,"column":73}},"15":{"start":{"line":35,"column":12},"end":{"line":35,"column":28}},"16":{"start":{"line":37,"column":12},"end":{"line":37,"column":31}},"17":{"start":{"line":38,"column":12},"end":{"line":38,"column":24}},"18":{"start":{"line":43,"column":8},"end":{"line":48,"column":9}},"19":{"start":{"line":44,"column":58},"end":{"line":44,"column":144}},"20":{"start":{"line":45,"column":12},"end":{"line":45,"column":33}},"21":{"start":{"line":47,"column":12},"end":{"line":47,"column":24}},"22":{"start":{"line":53,"column":13},"end":{"line":53,"column":51}}},"fnMap":{"0":{"name":"(anonymous_7)","decl":{"start":{"line":4,"column":10},"end":{"line":4,"column":16}},"loc":{"start":{"line":4,"column":38},"end":{"line":11,"column":null}}},"1":{"name":"(anonymous_9)","decl":{"start":{"line":13,"column":10},"end":{"line":13,"column":16}},"loc":{"start":{"line":13,"column":29},"end":{"line":21,"column":null}}},"2":{"name":"(anonymous_11)","decl":{"start":{"line":23,"column":10},"end":{"line":23,"column":21}},"loc":{"start":{"line":23,"column":33},"end":{"line":30,"column":null}}},"3":{"name":"(anonymous_13)","decl":{"start":{"line":32,"column":10},"end":{"line":32,"column":16}},"loc":{"start":{"line":32,"column":16},"end":{"line":40,"column":null}}},"4":{"name":"(anonymous_15)","decl":{"start":{"line":42,"column":10},"end":{"line":42,"column":16}},"loc":{"start":{"line":42,"column":51},"end":{"line":49,"column":null}}}},"branchMap":{},"s":{"0":2,"1":2,"2":2,"3":1,"4":1,"5":3,"6":3,"7":2,"8":1,"9":2,"10":2,"11":2,"12":0,"13":2,"14":2,"15":1,"16":1,"17":1,"18":3,"19":3,"20":2,"21":1,"22":2},"f":{"0":2,"1":3,"2":2,"3":2,"4":3},"b":{}}
,"C:\\Users\\USUARIO\\OneDrive\\UNIVERSIDAD\\SEMESTRE 7\\COMPUTACION III\\Clone-BurguerHouse\\NodeJS-BurgerHouse\\src\\services\\security.service.ts": {"path":"C:\\Users\\USUARIO\\OneDrive\\UNIVERSIDAD\\SEMESTRE 7\\COMPUTACION III\\Clone-BurguerHouse\\NodeJS-BurgerHouse\\src\\services\\security.service.ts","statementMap":{"0":{"start":{"line":1,"column":0},"end":{"line":1,"column":28}},"1":{"start":{"line":3,"column":0},"end":{"line":3,"column":31}},"2":{"start":{"line":8,"column":8},"end":{"line":8,"column":47}},"3":{"start":{"line":12,"column":8},"end":{"line":12,"column":80}},"4":{"start":{"line":16,"column":8},"end":{"line":16,"column":63}},"5":{"start":{"line":20,"column":4},"end":{"line":25,"column":5}},"6":{"start":{"line":21,"column":24},"end":{"line":21,"column":77}},"7":{"start":{"line":22,"column":8},"end":{"line":22,"column":23}},"8":{"start":{"line":24,"column":8},"end":{"line":24,"column":41}},"9":{"start":{"line":28,"column":4},"end":{"line":30,"column":5}},"10":{"start":{"line":29,"column":8},"end":{"line":29,"column":50}},"11":{"start":{"line":31,"column":4},"end":{"line":46,"column":5}},"12":{"start":{"line":32,"column":27},"end":{"line":32,"column":43}},"13":{"start":{"line":33,"column":8},"end":{"line":35,"column":9}},"14":{"start":{"line":34,"column":12},"end":{"line":34,"column":57}},"15":{"start":{"line":37,"column":24},"end":{"line":37,"column":103}},"16":{"start":{"line":39,"column":8},"end":{"line":43,"column":10}},"17":{"start":{"line":45,"column":8},"end":{"line":45,"column":42}},"18":{"start":{"line":51,"column":13},"end":{"line":51,"column":53}}},"fnMap":{"0":{"name":"(anonymous_8)","decl":{"start":{"line":7,"column":10},"end":{"line":7,"column":25}},"loc":{"start":{"line":7,"column":43},"end":{"line":9,"column":null}}},"1":{"name":"(anonymous_10)","decl":{"start":{"line":11,"column":10},"end":{"line":11,"column":23}},"loc":{"start":{"line":11,"column":81},"end":{"line":13,"column":null}}},"2":{"name":"(anonymous_12)","decl":{"start":{"line":15,"column":10},"end":{"line":15,"column":26}},"loc":{"start":{"line":15,"column":69},"end":{"line":17,"column":null}}},"3":{"name":"(anonymous_14)","decl":{"start":{"line":19,"column":10},"end":{"line":19,"column":26}},"loc":{"start":{"line":19,"column":40},"end":{"line":26,"column":null}}},"4":{"name":"(anonymous_16)","decl":{"start":{"line":27,"column":6},"end":{"line":27,"column":15}},"loc":{"start":{"line":27,"column":30},"end":{"line":47,"column":null}}}},"branchMap":{"0":{"loc":{"start":{"line":21,"column":42},"end":{"line":21,"column":76}},"type":"binary-expr","locations":[{"start":{"line":21,"column":42},"end":{"line":21,"column":64}},{"start":{"line":21,"column":68},"end":{"line":21,"column":76}}]},"1":{"loc":{"start":{"line":28,"column":4},"end":{"line":30,"column":5}},"type":"if","locations":[{"start":{"line":28,"column":4},"end":{"line":30,"column":5}}]},"2":{"loc":{"start":{"line":33,"column":8},"end":{"line":35,"column":9}},"type":"if","locations":[{"start":{"line":33,"column":8},"end":{"line":35,"column":9}}]},"3":{"loc":{"start":{"line":33,"column":12},"end":{"line":33,"column":65}},"type":"binary-expr","locations":[{"start":{"line":33,"column":12},"end":{"line":33,"column":35}},{"start":{"line":33,"column":39},"end":{"line":33,"column":65}}]},"4":{"loc":{"start":{"line":37,"column":50},"end":{"line":37,"column":84}},"type":"binary-expr","locations":[{"start":{"line":37,"column":50},"end":{"line":37,"column":72}},{"start":{"line":37,"column":76},"end":{"line":37,"column":84}}]}},"s":{"0":1,"1":1,"2":0,"3":0,"4":0,"5":0,"6":0,"7":0,"8":0,"9":0,"10":0,"11":0,"12":0,"13":0,"14":0,"15":0,"16":0,"17":0,"18":1},"f":{"0":0,"1":0,"2":0,"3":0,"4":0},"b":{"0":[0,0],"1":[0],"2":[0],"3":[0,0],"4":[0,0]}}
,"C:\\Users\\USUARIO\\OneDrive\\UNIVERSIDAD\\SEMESTRE 7\\COMPUTACION III\\Clone-BurguerHouse\\NodeJS-BurgerHouse\\src\\services\\user.service.ts": {"path":"C:\\Users\\USUARIO\\OneDrive\\UNIVERSIDAD\\SEMESTRE 7\\COMPUTACION III\\Clone-BurguerHouse\\NodeJS-BurgerHouse\\src\\services\\user.service.ts","statementMap":{"0":{"start":{"line":1,"column":0},"end":{"line":1,"column":63}},"1":{"start":{"line":5,"column":8},"end":{"line":10,"column":9}},"2":{"start":{"line":6,"column":25},"end":{"line":6,"column":53}},"3":{"start":{"line":7,"column":12},"end":{"line":7,"column":24}},"4":{"start":{"line":9,"column":12},"end":{"line":9,"column":24}},"5":{"start":{"line":14,"column":8},"end":{"line":19,"column":9}},"6":{"start":{"line":15,"column":24},"end":{"line":15,"column":72}},"7":{"start":{"line":16,"column":12},"end":{"line":16,"column":24}},"8":{"start":{"line":18,"column":12},"end":{"line":18,"column":24}},"9":{"start":{"line":24,"column":8},"end":{"line":29,"column":9}},"10":{"start":{"line":25,"column":25},"end":{"line":25,"column":66}},"11":{"start":{"line":26,"column":12},"end":{"line":26,"column":24}},"12":{"start":{"line":28,"column":12},"end":{"line":28,"column":24}},"13":{"start":{"line":33,"column":8},"end":{"line":39,"column":9}},"14":{"start":{"line":34,"column":42},"end":{"line":34,"column":64}},"15":{"start":{"line":35,"column":12},"end":{"line":35,"column":25}},"16":{"start":{"line":37,"column":12},"end":{"line":37,"column":31}},"17":{"start":{"line":38,"column":12},"end":{"line":38,"column":24}},"18":{"start":{"line":43,"column":8},"end":{"line":51,"column":9}},"19":{"start":{"line":44,"column":56},"end":{"line":44,"column":138}},"20":{"start":{"line":45,"column":12},"end":{"line":47,"column":13}},"21":{"start":{"line":46,"column":16},"end":{"line":46,"column":45}},"22":{"start":{"line":48,"column":12},"end":{"line":48,"column":34}},"23":{"start":{"line":50,"column":12},"end":{"line":50,"column":24}},"24":{"start":{"line":56,"column":13},"end":{"line":56,"column":45}}},"fnMap":{"0":{"name":"(anonymous_7)","decl":{"start":{"line":4,"column":10},"end":{"line":4,"column":16}},"loc":{"start":{"line":4,"column":35},"end":{"line":11,"column":null}}},"1":{"name":"(anonymous_9)","decl":{"start":{"line":13,"column":10},"end":{"line":13,"column":16}},"loc":{"start":{"line":13,"column":30},"end":{"line":21,"column":null}}},"2":{"name":"(anonymous_11)","decl":{"start":{"line":23,"column":10},"end":{"line":23,"column":21}},"loc":{"start":{"line":23,"column":34},"end":{"line":30,"column":null}}},"3":{"name":"(anonymous_13)","decl":{"start":{"line":32,"column":10},"end":{"line":32,"column":16}},"loc":{"start":{"line":32,"column":16},"end":{"line":40,"column":null}}},"4":{"name":"(anonymous_15)","decl":{"start":{"line":42,"column":10},"end":{"line":42,"column":16}},"loc":{"start":{"line":42,"column":46},"end":{"line":52,"column":null}}}},"branchMap":{"0":{"loc":{"start":{"line":45,"column":12},"end":{"line":47,"column":13}},"type":"if","locations":[{"start":{"line":45,"column":12},"end":{"line":47,"column":13}}]}},"s":{"0":1,"1":0,"2":0,"3":0,"4":0,"5":0,"6":0,"7":0,"8":0,"9":0,"10":0,"11":0,"12":0,"13":0,"14":0,"15":0,"16":0,"17":0,"18":0,"19":0,"20":0,"21":0,"22":0,"23":0,"24":1},"f":{"0":0,"1":0,"2":0,"3":0,"4":0},"b":{"0":[0]}}
}
