{"C:\\Users\\DANIELA LONDOÑO\\Desktop\\SeptimoSemestre\\proyecto-NodeJs\\NodeJS-BurgerHouse\\src\\controllers\\index.ts": {"path":"C:\\Users\\DANIELA LONDOÑO\\Desktop\\SeptimoSemestre\\proyecto-NodeJs\\NodeJS-BurgerHouse\\src\\controllers\\index.ts","statementMap":{"0":{"start":{"line":1,"column":0},"end":{"line":1,"column":34}},"1":{"start":{"line":2,"column":0},"end":{"line":2,"column":37}},"2":{"start":{"line":3,"column":0},"end":{"line":3,"column":35}}},"fnMap":{},"branchMap":{},"s":{"0":1,"1":1,"2":1},"f":{},"b":{}}
,"C:\\Users\\DANIELA LONDOÑO\\Desktop\\SeptimoSemestre\\proyecto-NodeJs\\NodeJS-BurgerHouse\\src\\controllers\\order.controller.ts": {"path":"C:\\Users\\DANIELA LONDOÑO\\Desktop\\SeptimoSemestre\\proyecto-NodeJs\\NodeJS-BurgerHouse\\src\\controllers\\order.controller.ts","statementMap":{"0":{"start":{"line":2,"column":0},"end":{"line":2,"column":57}},"1":{"start":{"line":4,"column":0},"end":{"line":4,"column":46}},"2":{"start":{"line":10,"column":8},"end":{"line":15,"column":9}},"3":{"start":{"line":11,"column":44},"end":{"line":11,"column":93}},"4":{"start":{"line":12,"column":12},"end":{"line":12,"column":43}},"5":{"start":{"line":14,"column":12},"end":{"line":14,"column":73}},"6":{"start":{"line":19,"column":8},"end":{"line":24,"column":9}},"7":{"start":{"line":20,"column":44},"end":{"line":20,"column":71}},"8":{"start":{"line":21,"column":12},"end":{"line":21,"column":29}},"9":{"start":{"line":23,"column":12},"end":{"line":23,"column":74}},"10":{"start":{"line":28,"column":4},"end":{"line":51,"column":5}},"11":{"start":{"line":29,"column":23},"end":{"line":29,"column":75}},"12":{"start":{"line":31,"column":22},"end":{"line":31,"column":63}},"13":{"start":{"line":33,"column":8},"end":{"line":36,"column":9}},"14":{"start":{"line":34,"column":13},"end":{"line":34,"column":70}},"15":{"start":{"line":35,"column":13},"end":{"line":35,"column":20}},"16":{"start":{"line":38,"column":8},"end":{"line":41,"column":9}},"17":{"start":{"line":39,"column":13},"end":{"line":39,"column":29}},"18":{"start":{"line":40,"column":13},"end":{"line":40,"column":20}},"19":{"start":{"line":42,"column":8},"end":{"line":45,"column":9}},"20":{"start":{"line":43,"column":13},"end":{"line":43,"column":88}},"21":{"start":{"line":44,"column":13},"end":{"line":44,"column":20}},"22":{"start":{"line":47,"column":8},"end":{"line":47,"column":24}},"23":{"start":{"line":49,"column":8},"end":{"line":49,"column":71}},"24":{"start":{"line":50,"column":8},"end":{"line":50,"column":15}},"25":{"start":{"line":58,"column":4},"end":{"line":86,"column":5}},"26":{"start":{"line":59,"column":22},"end":{"line":59,"column":49}},"27":{"start":{"line":60,"column":8},"end":{"line":60,"column":27}},"28":{"start":{"line":61,"column":8},"end":{"line":64,"column":9}},"29":{"start":{"line":62,"column":12},"end":{"line":62,"column":63}},"30":{"start":{"line":63,"column":12},"end":{"line":63,"column":19}},"31":{"start":{"line":66,"column":23},"end":{"line":66,"column":61}},"32":{"start":{"line":67,"column":22},"end":{"line":67,"column":63}},"33":{"start":{"line":69,"column":8},"end":{"line":72,"column":9}},"34":{"start":{"line":70,"column":12},"end":{"line":70,"column":69}},"35":{"start":{"line":71,"column":12},"end":{"line":71,"column":19}},"36":{"start":{"line":74,"column":8},"end":{"line":77,"column":9}},"37":{"start":{"line":75,"column":12},"end":{"line":75,"column":96}},"38":{"start":{"line":76,"column":12},"end":{"line":76,"column":19}},"39":{"start":{"line":79,"column":51},"end":{"line":79,"column":115}},"40":{"start":{"line":80,"column":8},"end":{"line":80,"column":31}},"41":{"start":{"line":81,"column":8},"end":{"line":81,"column":15}},"42":{"start":{"line":83,"column":8},"end":{"line":83,"column":29}},"43":{"start":{"line":84,"column":8},"end":{"line":84,"column":74}},"44":{"start":{"line":85,"column":8},"end":{"line":85,"column":15}},"45":{"start":{"line":90,"column":4},"end":{"line":119,"column":5}},"46":{"start":{"line":91,"column":22},"end":{"line":91,"column":49}},"47":{"start":{"line":92,"column":8},"end":{"line":95,"column":9}},"48":{"start":{"line":93,"column":12},"end":{"line":93,"column":63}},"49":{"start":{"line":94,"column":12},"end":{"line":94,"column":19}},"50":{"start":{"line":97,"column":23},"end":{"line":97,"column":61}},"51":{"start":{"line":98,"column":22},"end":{"line":98,"column":63}},"52":{"start":{"line":100,"column":8},"end":{"line":103,"column":9}},"53":{"start":{"line":101,"column":12},"end":{"line":101,"column":69}},"54":{"start":{"line":102,"column":12},"end":{"line":102,"column":19}},"55":{"start":{"line":105,"column":8},"end":{"line":108,"column":9}},"56":{"start":{"line":106,"column":12},"end":{"line":106,"column":94}},"57":{"start":{"line":107,"column":12},"end":{"line":107,"column":19}},"58":{"start":{"line":110,"column":8},"end":{"line":113,"column":9}},"59":{"start":{"line":111,"column":12},"end":{"line":111,"column":119}},"60":{"start":{"line":112,"column":12},"end":{"line":112,"column":19}},"61":{"start":{"line":115,"column":8},"end":{"line":115,"column":49}},"62":{"start":{"line":116,"column":8},"end":{"line":116,"column":63}},"63":{"start":{"line":118,"column":8},"end":{"line":118,"column":72}},"64":{"start":{"line":126,"column":4},"end":{"line":146,"column":5}},"65":{"start":{"line":127,"column":23},"end":{"line":127,"column":33}},"66":{"start":{"line":128,"column":26},"end":{"line":128,"column":34}},"67":{"start":{"line":130,"column":8},"end":{"line":133,"column":9}},"68":{"start":{"line":131,"column":13},"end":{"line":131,"column":75}},"69":{"start":{"line":132,"column":13},"end":{"line":132,"column":20}},"70":{"start":{"line":135,"column":51},"end":{"line":135,"column":93}},"71":{"start":{"line":136,"column":8},"end":{"line":139,"column":9}},"72":{"start":{"line":137,"column":13},"end":{"line":137,"column":70}},"73":{"start":{"line":138,"column":13},"end":{"line":138,"column":20}},"74":{"start":{"line":141,"column":8},"end":{"line":141,"column":31}},"75":{"start":{"line":143,"column":8},"end":{"line":143,"column":60}},"76":{"start":{"line":144,"column":8},"end":{"line":144,"column":87}},"77":{"start":{"line":145,"column":8},"end":{"line":145,"column":15}},"78":{"start":{"line":150,"column":13},"end":{"line":150,"column":53}}},"fnMap":{"0":{"name":"(anonymous_7)","decl":{"start":{"line":9,"column":10},"end":{"line":9,"column":16}},"loc":{"start":{"line":9,"column":44},"end":{"line":16,"column":null}}},"1":{"name":"(anonymous_9)","decl":{"start":{"line":18,"column":10},"end":{"line":18,"column":16}},"loc":{"start":{"line":18,"column":44},"end":{"line":25,"column":null}}},"2":{"name":"(anonymous_11)","decl":{"start":{"line":27,"column":10},"end":{"line":27,"column":17}},"loc":{"start":{"line":27,"column":45},"end":{"line":52,"column":null}}},"3":{"name":"(anonymous_13)","decl":{"start":{"line":57,"column":10},"end":{"line":57,"column":16}},"loc":{"start":{"line":57,"column":44},"end":{"line":87,"column":null}}},"4":{"name":"(anonymous_15)","decl":{"start":{"line":89,"column":6},"end":{"line":89,"column":12}},"loc":{"start":{"line":89,"column":40},"end":{"line":120,"column":null}}},"5":{"name":"(anonymous_17)","decl":{"start":{"line":125,"column":6},"end":{"line":125,"column":18}},"loc":{"start":{"line":125,"column":46},"end":{"line":147,"column":null}}}},"branchMap":{"0":{"loc":{"start":{"line":33,"column":8},"end":{"line":36,"column":9}},"type":"if","locations":[{"start":{"line":33,"column":8},"end":{"line":36,"column":9}}]},"1":{"loc":{"start":{"line":38,"column":8},"end":{"line":41,"column":9}},"type":"if","locations":[{"start":{"line":38,"column":8},"end":{"line":41,"column":9}}]},"2":{"loc":{"start":{"line":42,"column":8},"end":{"line":45,"column":9}},"type":"if","locations":[{"start":{"line":42,"column":8},"end":{"line":45,"column":9}}]},"3":{"loc":{"start":{"line":42,"column":12},"end":{"line":42,"column":83}},"type":"binary-expr","locations":[{"start":{"line":42,"column":12},"end":{"line":42,"column":45}},{"start":{"line":42,"column":49},"end":{"line":42,"column":83}}]},"4":{"loc":{"start":{"line":61,"column":8},"end":{"line":64,"column":9}},"type":"if","locations":[{"start":{"line":61,"column":8},"end":{"line":64,"column":9}}]},"5":{"loc":{"start":{"line":69,"column":8},"end":{"line":72,"column":9}},"type":"if","locations":[{"start":{"line":69,"column":8},"end":{"line":72,"column":9}}]},"6":{"loc":{"start":{"line":74,"column":8},"end":{"line":77,"column":9}},"type":"if","locations":[{"start":{"line":74,"column":8},"end":{"line":77,"column":9}}]},"7":{"loc":{"start":{"line":74,"column":12},"end":{"line":74,"column":69}},"type":"binary-expr","locations":[{"start":{"line":74,"column":12},"end":{"line":74,"column":38}},{"start":{"line":74,"column":42},"end":{"line":74,"column":69}}]},"8":{"loc":{"start":{"line":92,"column":8},"end":{"line":95,"column":9}},"type":"if","locations":[{"start":{"line":92,"column":8},"end":{"line":95,"column":9}}]},"9":{"loc":{"start":{"line":100,"column":8},"end":{"line":103,"column":9}},"type":"if","locations":[{"start":{"line":100,"column":8},"end":{"line":103,"column":9}}]},"10":{"loc":{"start":{"line":105,"column":8},"end":{"line":108,"column":9}},"type":"if","locations":[{"start":{"line":105,"column":8},"end":{"line":108,"column":9}}]},"11":{"loc":{"start":{"line":105,"column":12},"end":{"line":105,"column":69}},"type":"binary-expr","locations":[{"start":{"line":105,"column":12},"end":{"line":105,"column":38}},{"start":{"line":105,"column":42},"end":{"line":105,"column":69}}]},"12":{"loc":{"start":{"line":110,"column":8},"end":{"line":113,"column":9}},"type":"if","locations":[{"start":{"line":110,"column":8},"end":{"line":113,"column":9}}]},"13":{"loc":{"start":{"line":110,"column":12},"end":{"line":110,"column":96}},"type":"binary-expr","locations":[{"start":{"line":110,"column":12},"end":{"line":110,"column":38}},{"start":{"line":110,"column":42},"end":{"line":110,"column":96}}]},"14":{"loc":{"start":{"line":130,"column":8},"end":{"line":133,"column":9}},"type":"if","locations":[{"start":{"line":130,"column":8},"end":{"line":133,"column":9}}]},"15":{"loc":{"start":{"line":136,"column":8},"end":{"line":139,"column":9}},"type":"if","locations":[{"start":{"line":136,"column":8},"end":{"line":139,"column":9}}]}},"s":{"0":2,"1":2,"2":2,"3":2,"4":1,"5":1,"6":3,"7":3,"8":2,"9":1,"10":4,"11":4,"12":4,"13":4,"14":1,"15":1,"16":3,"17":1,"18":1,"19":2,"20":1,"21":1,"22":1,"23":0,"24":0,"25":5,"26":5,"27":5,"28":5,"29":1,"30":1,"31":4,"32":4,"33":4,"34":1,"35":1,"36":3,"37":1,"38":1,"39":2,"40":2,"41":2,"42":0,"43":0,"44":0,"45":5,"46":5,"47":5,"48":1,"49":1,"50":4,"51":4,"52":4,"53":1,"54":1,"55":3,"56":1,"57":1,"58":2,"59":0,"60":0,"61":2,"62":2,"63":0,"64":3,"65":3,"66":3,"67":3,"68":1,"69":1,"70":2,"71":2,"72":1,"73":1,"74":1,"75":0,"76":0,"77":0,"78":2},"f":{"0":2,"1":3,"2":4,"3":5,"4":5,"5":3},"b":{"0":[1],"1":[1],"2":[1],"3":[2,2],"4":[1],"5":[1],"6":[1],"7":[3,2],"8":[1],"9":[1],"10":[1],"11":[3,2],"12":[0],"13":[2,1],"14":[1],"15":[1]}}
,"C:\\Users\\DANIELA LONDOÑO\\Desktop\\SeptimoSemestre\\proyecto-NodeJs\\NodeJS-BurgerHouse\\src\\controllers\\product.controller.ts": {"path":"C:\\Users\\DANIELA LONDOÑO\\Desktop\\SeptimoSemestre\\proyecto-NodeJs\\NodeJS-BurgerHouse\\src\\controllers\\product.controller.ts","statementMap":{"0":{"start":{"line":2,"column":0},"end":{"line":2,"column":45}},"1":{"start":{"line":8,"column":8},"end":{"line":20,"column":9}},"2":{"start":{"line":9,"column":58},"end":{"line":9,"column":105}},"3":{"start":{"line":10,"column":12},"end":{"line":13,"column":13}},"4":{"start":{"line":11,"column":16},"end":{"line":11,"column":95}},"5":{"start":{"line":12,"column":16},"end":{"line":12,"column":23}},"6":{"start":{"line":14,"column":45},"end":{"line":14,"column":82}},"7":{"start":{"line":15,"column":12},"end":{"line":15,"column":42}},"8":{"start":{"line":18,"column":12},"end":{"line":18,"column":null}},"9":{"start":{"line":19,"column":12},"end":{"line":19,"column":19}},"10":{"start":{"line":24,"column":8},"end":{"line":34,"column":9}},"11":{"start":{"line":25,"column":33},"end":{"line":25,"column":48}},"12":{"start":{"line":26,"column":52},"end":{"line":26,"column":85}},"13":{"start":{"line":27,"column":12},"end":{"line":30,"column":13}},"14":{"start":{"line":28,"column":15},"end":{"line":28,"column":78}},"15":{"start":{"line":29,"column":15},"end":{"line":29,"column":22}},"16":{"start":{"line":31,"column":12},"end":{"line":31,"column":30}},"17":{"start":{"line":33,"column":12},"end":{"line":33,"column":null}},"18":{"start":{"line":38,"column":8},"end":{"line":43,"column":9}},"19":{"start":{"line":39,"column":48},"end":{"line":39,"column":77}},"20":{"start":{"line":40,"column":12},"end":{"line":40,"column":31}},"21":{"start":{"line":42,"column":12},"end":{"line":42,"column":24}},"22":{"start":{"line":47,"column":8},"end":{"line":56,"column":9}},"23":{"start":{"line":48,"column":33},"end":{"line":48,"column":48}},"24":{"start":{"line":49,"column":52},"end":{"line":49,"column":111}},"25":{"start":{"line":50,"column":12},"end":{"line":52,"column":13}},"26":{"start":{"line":51,"column":16},"end":{"line":51,"column":null}},"27":{"start":{"line":53,"column":12},"end":{"line":53,"column":30}},"28":{"start":{"line":55,"column":12},"end":{"line":55,"column":null}},"29":{"start":{"line":62,"column":13},"end":{"line":62,"column":57}}},"fnMap":{"0":{"name":"(anonymous_7)","decl":{"start":{"line":7,"column":10},"end":{"line":7,"column":16}},"loc":{"start":{"line":7,"column":44},"end":{"line":21,"column":null}}},"1":{"name":"(anonymous_9)","decl":{"start":{"line":23,"column":10},"end":{"line":23,"column":16}},"loc":{"start":{"line":23,"column":44},"end":{"line":35,"column":null}}},"2":{"name":"(anonymous_11)","decl":{"start":{"line":37,"column":10},"end":{"line":37,"column":17}},"loc":{"start":{"line":37,"column":45},"end":{"line":44,"column":null}}},"3":{"name":"(anonymous_13)","decl":{"start":{"line":46,"column":10},"end":{"line":46,"column":16}},"loc":{"start":{"line":46,"column":44},"end":{"line":57,"column":null}}}},"branchMap":{"0":{"loc":{"start":{"line":10,"column":12},"end":{"line":13,"column":13}},"type":"if","locations":[{"start":{"line":10,"column":12},"end":{"line":13,"column":13}}]},"1":{"loc":{"start":{"line":27,"column":12},"end":{"line":30,"column":13}},"type":"if","locations":[{"start":{"line":27,"column":12},"end":{"line":30,"column":13}}]},"2":{"loc":{"start":{"line":50,"column":12},"end":{"line":52,"column":13}},"type":"if","locations":[{"start":{"line":50,"column":12},"end":{"line":52,"column":13}}]}},"s":{"0":2,"1":3,"2":3,"3":3,"4":1,"5":1,"6":2,"7":1,"8":1,"9":1,"10":2,"11":2,"12":2,"13":2,"14":1,"15":1,"16":1,"17":0,"18":1,"19":1,"20":1,"21":0,"22":2,"23":2,"24":2,"25":2,"26":1,"27":2,"28":0,"29":2},"f":{"0":3,"1":2,"2":1,"3":2},"b":{"0":[1],"1":[1],"2":[1]}}
,"C:\\Users\\DANIELA LONDOÑO\\Desktop\\SeptimoSemestre\\proyecto-NodeJs\\NodeJS-BurgerHouse\\src\\controllers\\user.controller.ts": {"path":"C:\\Users\\DANIELA LONDOÑO\\Desktop\\SeptimoSemestre\\proyecto-NodeJs\\NodeJS-BurgerHouse\\src\\controllers\\user.controller.ts","statementMap":{"0":{"start":{"line":2,"column":0},"end":{"line":2,"column":59}},"1":{"start":{"line":8,"column":8},"end":{"line":21,"column":9}},"2":{"start":{"line":9,"column":52},"end":{"line":9,"column":97}},"3":{"start":{"line":10,"column":12},"end":{"line":13,"column":13}},"4":{"start":{"line":11,"column":16},"end":{"line":11,"column":93}},"5":{"start":{"line":12,"column":16},"end":{"line":12,"column":23}},"6":{"start":{"line":14,"column":12},"end":{"line":14,"column":89}},"7":{"start":{"line":15,"column":39},"end":{"line":15,"column":73}},"8":{"start":{"line":16,"column":12},"end":{"line":16,"column":39}},"9":{"start":{"line":19,"column":12},"end":{"line":19,"column":null}},"10":{"start":{"line":20,"column":12},"end":{"line":20,"column":19}},"11":{"start":{"line":25,"column":8},"end":{"line":35,"column":9}},"12":{"start":{"line":26,"column":34},"end":{"line":26,"column":50}},"13":{"start":{"line":27,"column":46},"end":{"line":27,"column":77}},"14":{"start":{"line":28,"column":12},"end":{"line":31,"column":13}},"15":{"start":{"line":29,"column":15},"end":{"line":29,"column":76}},"16":{"start":{"line":30,"column":15},"end":{"line":30,"column":22}},"17":{"start":{"line":32,"column":12},"end":{"line":32,"column":27}},"18":{"start":{"line":34,"column":12},"end":{"line":34,"column":null}},"19":{"start":{"line":39,"column":8},"end":{"line":44,"column":9}},"20":{"start":{"line":40,"column":42},"end":{"line":40,"column":68}},"21":{"start":{"line":41,"column":12},"end":{"line":41,"column":28}},"22":{"start":{"line":43,"column":12},"end":{"line":43,"column":24}},"23":{"start":{"line":48,"column":7},"end":{"line":71,"column":8}},"24":{"start":{"line":49,"column":45},"end":{"line":49,"column":90}},"25":{"start":{"line":50,"column":12},"end":{"line":53,"column":13}},"26":{"start":{"line":51,"column":16},"end":{"line":51,"column":86}},"27":{"start":{"line":52,"column":16},"end":{"line":52,"column":23}},"28":{"start":{"line":54,"column":28},"end":{"line":54,"column":100}},"29":{"start":{"line":56,"column":12},"end":{"line":60,"column":13}},"30":{"start":{"line":57,"column":16},"end":{"line":59,"column":19}},"31":{"start":{"line":61,"column":26},"end":{"line":61,"column":93}},"32":{"start":{"line":62,"column":12},"end":{"line":65,"column":null}},"33":{"start":{"line":68,"column":8},"end":{"line":70,"column":null}},"34":{"start":{"line":75,"column":8},"end":{"line":84,"column":9}},"35":{"start":{"line":76,"column":34},"end":{"line":76,"column":50}},"36":{"start":{"line":77,"column":46},"end":{"line":77,"column":100}},"37":{"start":{"line":78,"column":12},"end":{"line":80,"column":13}},"38":{"start":{"line":79,"column":16},"end":{"line":79,"column":null}},"39":{"start":{"line":81,"column":12},"end":{"line":81,"column":27}},"40":{"start":{"line":83,"column":12},"end":{"line":83,"column":null}},"41":{"start":{"line":90,"column":13},"end":{"line":90,"column":51}}},"fnMap":{"0":{"name":"(anonymous_7)","decl":{"start":{"line":7,"column":10},"end":{"line":7,"column":16}},"loc":{"start":{"line":7,"column":44},"end":{"line":22,"column":null}}},"1":{"name":"(anonymous_9)","decl":{"start":{"line":24,"column":10},"end":{"line":24,"column":16}},"loc":{"start":{"line":24,"column":44},"end":{"line":36,"column":null}}},"2":{"name":"(anonymous_11)","decl":{"start":{"line":38,"column":10},"end":{"line":38,"column":17}},"loc":{"start":{"line":38,"column":45},"end":{"line":45,"column":null}}},"3":{"name":"(anonymous_13)","decl":{"start":{"line":47,"column":10},"end":{"line":47,"column":15}},"loc":{"start":{"line":47,"column":43},"end":{"line":72,"column":null}}},"4":{"name":"(anonymous_15)","decl":{"start":{"line":74,"column":10},"end":{"line":74,"column":16}},"loc":{"start":{"line":74,"column":44},"end":{"line":85,"column":null}}}},"branchMap":{"0":{"loc":{"start":{"line":10,"column":12},"end":{"line":13,"column":13}},"type":"if","locations":[{"start":{"line":10,"column":12},"end":{"line":13,"column":13}}]},"1":{"loc":{"start":{"line":28,"column":12},"end":{"line":31,"column":13}},"type":"if","locations":[{"start":{"line":28,"column":12},"end":{"line":31,"column":13}}]},"2":{"loc":{"start":{"line":50,"column":12},"end":{"line":53,"column":13}},"type":"if","locations":[{"start":{"line":50,"column":12},"end":{"line":53,"column":13}}]},"3":{"loc":{"start":{"line":56,"column":12},"end":{"line":60,"column":13}},"type":"if","locations":[{"start":{"line":56,"column":12},"end":{"line":60,"column":13}}]},"4":{"loc":{"start":{"line":78,"column":12},"end":{"line":80,"column":13}},"type":"if","locations":[{"start":{"line":78,"column":12},"end":{"line":80,"column":13}}]}},"s":{"0":1,"1":2,"2":2,"3":2,"4":1,"5":1,"6":1,"7":1,"8":1,"9":0,"10":0,"11":2,"12":2,"13":2,"14":2,"15":1,"16":1,"17":1,"18":0,"19":1,"20":1,"21":1,"22":0,"23":3,"24":3,"25":3,"26":1,"27":1,"28":2,"29":2,"30":1,"31":2,"32":2,"33":0,"34":3,"35":3,"36":3,"37":2,"38":1,"39":2,"40":1,"41":1},"f":{"0":2,"1":2,"2":1,"3":3,"4":3},"b":{"0":[1],"1":[1],"2":[1],"3":[1],"4":[1]}}
,"C:\\Users\\DANIELA LONDOÑO\\Desktop\\SeptimoSemestre\\proyecto-NodeJs\\NodeJS-BurgerHouse\\src\\models\\index.ts": {"path":"C:\\Users\\DANIELA LONDOÑO\\Desktop\\SeptimoSemestre\\proyecto-NodeJs\\NodeJS-BurgerHouse\\src\\models\\index.ts","statementMap":{"0":{"start":{"line":1,"column":0},"end":{"line":1,"column":28}},"1":{"start":{"line":2,"column":0},"end":{"line":2,"column":31}},"2":{"start":{"line":3,"column":0},"end":{"line":3,"column":29}}},"fnMap":{},"branchMap":{},"s":{"0":5,"1":5,"2":5},"f":{},"b":{}}
,"C:\\Users\\DANIELA LONDOÑO\\Desktop\\SeptimoSemestre\\proyecto-NodeJs\\NodeJS-BurgerHouse\\src\\models\\order.model.ts": {"path":"C:\\Users\\DANIELA LONDOÑO\\Desktop\\SeptimoSemestre\\proyecto-NodeJs\\NodeJS-BurgerHouse\\src\\models\\order.model.ts","statementMap":{"0":{"start":{"line":1,"column":0},"end":{"line":1,"column":51}},"1":{"start":{"line":25,"column":20},"end":{"line":48,"column":2}},"2":{"start":{"line":50,"column":13},"end":{"line":50,"column":64}}},"fnMap":{},"branchMap":{},"s":{"0":8,"1":8,"2":8},"f":{},"b":{}}
,"C:\\Users\\DANIELA LONDOÑO\\Desktop\\SeptimoSemestre\\proyecto-NodeJs\\NodeJS-BurgerHouse\\src\\models\\product.model.ts": {"path":"C:\\Users\\DANIELA LONDOÑO\\Desktop\\SeptimoSemestre\\proyecto-NodeJs\\NodeJS-BurgerHouse\\src\\models\\product.model.ts","statementMap":{"0":{"start":{"line":1,"column":0},"end":{"line":1,"column":33}},"1":{"start":{"line":14,"column":22},"end":{"line":19,"column":2}},"2":{"start":{"line":21,"column":13},"end":{"line":21,"column":86}}},"fnMap":{},"branchMap":{},"s":{"0":5,"1":5,"2":5},"f":{},"b":{}}
,"C:\\Users\\DANIELA LONDOÑO\\Desktop\\SeptimoSemestre\\proyecto-NodeJs\\NodeJS-BurgerHouse\\src\\models\\user.model.ts": {"path":"C:\\Users\\DANIELA LONDOÑO\\Desktop\\SeptimoSemestre\\proyecto-NodeJs\\NodeJS-BurgerHouse\\src\\models\\user.model.ts","statementMap":{"0":{"start":{"line":1,"column":0},"end":{"line":1,"column":33}},"1":{"start":{"line":14,"column":19},"end":{"line":19,"column":2}},"2":{"start":{"line":21,"column":13},"end":{"line":21,"column":74}}},"fnMap":{},"branchMap":{},"s":{"0":5,"1":5,"2":5},"f":{},"b":{}}
,"C:\\Users\\DANIELA LONDOÑO\\Desktop\\SeptimoSemestre\\proyecto-NodeJs\\NodeJS-BurgerHouse\\src\\services\\index.ts": {"path":"C:\\Users\\DANIELA LONDOÑO\\Desktop\\SeptimoSemestre\\proyecto-NodeJs\\NodeJS-BurgerHouse\\src\\services\\index.ts","statementMap":{"0":{"start":{"line":1,"column":0},"end":{"line":1,"column":31}},"1":{"start":{"line":2,"column":0},"end":{"line":2,"column":34}},"2":{"start":{"line":3,"column":0},"end":{"line":3,"column":35}},"3":{"start":{"line":4,"column":0},"end":{"line":4,"column":32}}},"fnMap":{},"branchMap":{},"s":{"0":4,"1":4,"2":4,"3":4},"f":{},"b":{}}
,"C:\\Users\\DANIELA LONDOÑO\\Desktop\\SeptimoSemestre\\proyecto-NodeJs\\NodeJS-BurgerHouse\\src\\services\\order.service.ts": {"path":"C:\\Users\\DANIELA LONDOÑO\\Desktop\\SeptimoSemestre\\proyecto-NodeJs\\NodeJS-BurgerHouse\\src\\services\\order.service.ts","statementMap":{"0":{"start":{"line":1,"column":0},"end":{"line":1,"column":73}},"1":{"start":{"line":6,"column":8},"end":{"line":11,"column":9}},"2":{"start":{"line":7,"column":26},"end":{"line":7,"column":50}},"3":{"start":{"line":8,"column":12},"end":{"line":8,"column":25}},"4":{"start":{"line":10,"column":12},"end":{"line":10,"column":24}},"5":{"start":{"line":15,"column":8},"end":{"line":19,"column":9}},"6":{"start":{"line":16,"column":12},"end":{"line":16,"column":38}},"7":{"start":{"line":18,"column":12},"end":{"line":18,"column":24}},"8":{"start":{"line":22,"column":8},"end":{"line":26,"column":9}},"9":{"start":{"line":23,"column":12},"end":{"line":23,"column":44}},"10":{"start":{"line":25,"column":12},"end":{"line":25,"column":24}},"11":{"start":{"line":30,"column":8},"end":{"line":34,"column":9}},"12":{"start":{"line":31,"column":12},"end":{"line":31,"column":86}},"13":{"start":{"line":33,"column":12},"end":{"line":33,"column":24}},"14":{"start":{"line":38,"column":8},"end":{"line":42,"column":9}},"15":{"start":{"line":39,"column":12},"end":{"line":39,"column":53}},"16":{"start":{"line":41,"column":12},"end":{"line":41,"column":24}},"17":{"start":{"line":45,"column":4},"end":{"line":55,"column":5}},"18":{"start":{"line":46,"column":29},"end":{"line":49,"column":null}},"19":{"start":{"line":51,"column":8},"end":{"line":51,"column":28}},"20":{"start":{"line":53,"column":8},"end":{"line":53,"column":55}},"21":{"start":{"line":54,"column":8},"end":{"line":54,"column":20}},"22":{"start":{"line":60,"column":8},"end":{"line":64,"column":9}},"23":{"start":{"line":61,"column":12},"end":{"line":61,"column":53}},"24":{"start":{"line":63,"column":12},"end":{"line":63,"column":24}},"25":{"start":{"line":68,"column":13},"end":{"line":68,"column":47}}},"fnMap":{"0":{"name":"(anonymous_7)","decl":{"start":{"line":5,"column":10},"end":{"line":5,"column":16}},"loc":{"start":{"line":5,"column":33},"end":{"line":12,"column":null}}},"1":{"name":"(anonymous_9)","decl":{"start":{"line":14,"column":10},"end":{"line":14,"column":16}},"loc":{"start":{"line":14,"column":16},"end":{"line":20,"column":null}}},"2":{"name":"(anonymous_11)","decl":{"start":{"line":21,"column":10},"end":{"line":21,"column":17}},"loc":{"start":{"line":21,"column":28},"end":{"line":27,"column":null}}},"3":{"name":"(anonymous_13)","decl":{"start":{"line":29,"column":10},"end":{"line":29,"column":16}},"loc":{"start":{"line":29,"column":54},"end":{"line":35,"column":null}}},"4":{"name":"(anonymous_15)","decl":{"start":{"line":37,"column":10},"end":{"line":37,"column":16}},"loc":{"start":{"line":37,"column":27},"end":{"line":43,"column":null}}},"5":{"name":"(anonymous_17)","decl":{"start":{"line":44,"column":7},"end":{"line":44,"column":19}},"loc":{"start":{"line":44,"column":45},"end":{"line":56,"column":null}}},"6":{"name":"(anonymous_19)","decl":{"start":{"line":59,"column":10},"end":{"line":59,"column":24}},"loc":{"start":{"line":59,"column":38},"end":{"line":65,"column":null}}}},"branchMap":{},"s":{"0":6,"1":2,"2":2,"3":1,"4":1,"5":2,"6":2,"7":1,"8":3,"9":3,"10":1,"11":3,"12":3,"13":1,"14":3,"15":3,"16":1,"17":1,"18":1,"19":1,"20":0,"21":0,"22":3,"23":3,"24":1,"25":6},"f":{"0":2,"1":2,"2":3,"3":3,"4":3,"5":1,"6":3},"b":{}}
,"C:\\Users\\DANIELA LONDOÑO\\Desktop\\SeptimoSemestre\\proyecto-NodeJs\\NodeJS-BurgerHouse\\src\\services\\product.service.ts": {"path":"C:\\Users\\DANIELA LONDOÑO\\Desktop\\SeptimoSemestre\\proyecto-NodeJs\\NodeJS-BurgerHouse\\src\\services\\product.service.ts","statementMap":{"0":{"start":{"line":1,"column":0},"end":{"line":1,"column":72}},"1":{"start":{"line":5,"column":8},"end":{"line":10,"column":9}},"2":{"start":{"line":6,"column":28},"end":{"line":6,"column":59}},"3":{"start":{"line":7,"column":12},"end":{"line":7,"column":27}},"4":{"start":{"line":9,"column":12},"end":{"line":9,"column":24}},"5":{"start":{"line":14,"column":8},"end":{"line":19,"column":9}},"6":{"start":{"line":15,"column":27},"end":{"line":15,"column":76}},"7":{"start":{"line":16,"column":12},"end":{"line":16,"column":27}},"8":{"start":{"line":18,"column":12},"end":{"line":18,"column":24}},"9":{"start":{"line":24,"column":8},"end":{"line":29,"column":9}},"10":{"start":{"line":25,"column":28},"end":{"line":25,"column":70}},"11":{"start":{"line":26,"column":12},"end":{"line":26,"column":27}},"12":{"start":{"line":28,"column":12},"end":{"line":28,"column":24}},"13":{"start":{"line":33,"column":8},"end":{"line":39,"column":9}},"14":{"start":{"line":34,"column":48},"end":{"line":34,"column":73}},"15":{"start":{"line":35,"column":12},"end":{"line":35,"column":28}},"16":{"start":{"line":37,"column":12},"end":{"line":37,"column":31}},"17":{"start":{"line":38,"column":12},"end":{"line":38,"column":24}},"18":{"start":{"line":43,"column":8},"end":{"line":48,"column":9}},"19":{"start":{"line":44,"column":58},"end":{"line":44,"column":144}},"20":{"start":{"line":45,"column":12},"end":{"line":45,"column":33}},"21":{"start":{"line":47,"column":12},"end":{"line":47,"column":24}},"22":{"start":{"line":53,"column":13},"end":{"line":53,"column":51}}},"fnMap":{"0":{"name":"(anonymous_7)","decl":{"start":{"line":4,"column":10},"end":{"line":4,"column":16}},"loc":{"start":{"line":4,"column":38},"end":{"line":11,"column":null}}},"1":{"name":"(anonymous_9)","decl":{"start":{"line":13,"column":10},"end":{"line":13,"column":16}},"loc":{"start":{"line":13,"column":29},"end":{"line":21,"column":null}}},"2":{"name":"(anonymous_11)","decl":{"start":{"line":23,"column":10},"end":{"line":23,"column":21}},"loc":{"start":{"line":23,"column":33},"end":{"line":30,"column":null}}},"3":{"name":"(anonymous_13)","decl":{"start":{"line":32,"column":10},"end":{"line":32,"column":16}},"loc":{"start":{"line":32,"column":16},"end":{"line":40,"column":null}}},"4":{"name":"(anonymous_15)","decl":{"start":{"line":42,"column":10},"end":{"line":42,"column":16}},"loc":{"start":{"line":42,"column":51},"end":{"line":49,"column":null}}}},"branchMap":{},"s":{"0":5,"1":2,"2":2,"3":1,"4":1,"5":3,"6":3,"7":2,"8":1,"9":2,"10":2,"11":2,"12":0,"13":2,"14":2,"15":1,"16":1,"17":1,"18":3,"19":3,"20":2,"21":1,"22":5},"f":{"0":2,"1":3,"2":2,"3":2,"4":3},"b":{}}
,"C:\\Users\\DANIELA LONDOÑO\\Desktop\\SeptimoSemestre\\proyecto-NodeJs\\NodeJS-BurgerHouse\\src\\services\\security.service.ts": {"path":"C:\\Users\\DANIELA LONDOÑO\\Desktop\\SeptimoSemestre\\proyecto-NodeJs\\NodeJS-BurgerHouse\\src\\services\\security.service.ts","statementMap":{"0":{"start":{"line":1,"column":0},"end":{"line":1,"column":28}},"1":{"start":{"line":3,"column":0},"end":{"line":3,"column":31}},"2":{"start":{"line":8,"column":8},"end":{"line":8,"column":47}},"3":{"start":{"line":12,"column":8},"end":{"line":12,"column":80}},"4":{"start":{"line":16,"column":8},"end":{"line":16,"column":63}},"5":{"start":{"line":20,"column":4},"end":{"line":25,"column":5}},"6":{"start":{"line":21,"column":24},"end":{"line":21,"column":77}},"7":{"start":{"line":22,"column":8},"end":{"line":22,"column":23}},"8":{"start":{"line":24,"column":8},"end":{"line":24,"column":41}},"9":{"start":{"line":28,"column":4},"end":{"line":30,"column":5}},"10":{"start":{"line":29,"column":8},"end":{"line":29,"column":50}},"11":{"start":{"line":31,"column":4},"end":{"line":46,"column":5}},"12":{"start":{"line":32,"column":27},"end":{"line":32,"column":43}},"13":{"start":{"line":33,"column":8},"end":{"line":35,"column":9}},"14":{"start":{"line":34,"column":12},"end":{"line":34,"column":57}},"15":{"start":{"line":37,"column":24},"end":{"line":37,"column":103}},"16":{"start":{"line":39,"column":8},"end":{"line":43,"column":10}},"17":{"start":{"line":45,"column":8},"end":{"line":45,"column":42}},"18":{"start":{"line":51,"column":13},"end":{"line":51,"column":53}}},"fnMap":{"0":{"name":"(anonymous_8)","decl":{"start":{"line":7,"column":10},"end":{"line":7,"column":25}},"loc":{"start":{"line":7,"column":43},"end":{"line":9,"column":null}}},"1":{"name":"(anonymous_10)","decl":{"start":{"line":11,"column":10},"end":{"line":11,"column":23}},"loc":{"start":{"line":11,"column":81},"end":{"line":13,"column":null}}},"2":{"name":"(anonymous_12)","decl":{"start":{"line":15,"column":10},"end":{"line":15,"column":26}},"loc":{"start":{"line":15,"column":69},"end":{"line":17,"column":null}}},"3":{"name":"(anonymous_14)","decl":{"start":{"line":19,"column":10},"end":{"line":19,"column":26}},"loc":{"start":{"line":19,"column":40},"end":{"line":26,"column":null}}},"4":{"name":"(anonymous_16)","decl":{"start":{"line":27,"column":6},"end":{"line":27,"column":15}},"loc":{"start":{"line":27,"column":30},"end":{"line":47,"column":null}}}},"branchMap":{"0":{"loc":{"start":{"line":21,"column":42},"end":{"line":21,"column":76}},"type":"binary-expr","locations":[{"start":{"line":21,"column":42},"end":{"line":21,"column":64}},{"start":{"line":21,"column":68},"end":{"line":21,"column":76}}]},"1":{"loc":{"start":{"line":28,"column":4},"end":{"line":30,"column":5}},"type":"if","locations":[{"start":{"line":28,"column":4},"end":{"line":30,"column":5}}]},"2":{"loc":{"start":{"line":33,"column":8},"end":{"line":35,"column":9}},"type":"if","locations":[{"start":{"line":33,"column":8},"end":{"line":35,"column":9}}]},"3":{"loc":{"start":{"line":33,"column":12},"end":{"line":33,"column":65}},"type":"binary-expr","locations":[{"start":{"line":33,"column":12},"end":{"line":33,"column":35}},{"start":{"line":33,"column":39},"end":{"line":33,"column":65}}]},"4":{"loc":{"start":{"line":37,"column":50},"end":{"line":37,"column":84}},"type":"binary-expr","locations":[{"start":{"line":37,"column":50},"end":{"line":37,"column":72}},{"start":{"line":37,"column":76},"end":{"line":37,"column":84}}]}},"s":{"0":4,"1":4,"2":2,"3":2,"4":3,"5":0,"6":0,"7":0,"8":0,"9":0,"10":0,"11":0,"12":0,"13":0,"14":0,"15":0,"16":0,"17":0,"18":4},"f":{"0":2,"1":2,"2":3,"3":0,"4":0},"b":{"0":[0,0],"1":[0],"2":[0],"3":[0,0],"4":[0,0]}}
,"C:\\Users\\DANIELA LONDOÑO\\Desktop\\SeptimoSemestre\\proyecto-NodeJs\\NodeJS-BurgerHouse\\src\\services\\user.service.ts": {"path":"C:\\Users\\DANIELA LONDOÑO\\Desktop\\SeptimoSemestre\\proyecto-NodeJs\\NodeJS-BurgerHouse\\src\\services\\user.service.ts","statementMap":{"0":{"start":{"line":1,"column":0},"end":{"line":1,"column":63}},"1":{"start":{"line":5,"column":8},"end":{"line":10,"column":9}},"2":{"start":{"line":6,"column":25},"end":{"line":6,"column":53}},"3":{"start":{"line":7,"column":12},"end":{"line":7,"column":24}},"4":{"start":{"line":9,"column":12},"end":{"line":9,"column":24}},"5":{"start":{"line":14,"column":8},"end":{"line":19,"column":9}},"6":{"start":{"line":15,"column":24},"end":{"line":15,"column":72}},"7":{"start":{"line":16,"column":12},"end":{"line":16,"column":24}},"8":{"start":{"line":18,"column":12},"end":{"line":18,"column":24}},"9":{"start":{"line":24,"column":8},"end":{"line":29,"column":9}},"10":{"start":{"line":25,"column":25},"end":{"line":25,"column":66}},"11":{"start":{"line":26,"column":12},"end":{"line":26,"column":24}},"12":{"start":{"line":28,"column":12},"end":{"line":28,"column":24}},"13":{"start":{"line":33,"column":8},"end":{"line":39,"column":9}},"14":{"start":{"line":34,"column":42},"end":{"line":34,"column":64}},"15":{"start":{"line":35,"column":12},"end":{"line":35,"column":25}},"16":{"start":{"line":37,"column":12},"end":{"line":37,"column":31}},"17":{"start":{"line":38,"column":12},"end":{"line":38,"column":24}},"18":{"start":{"line":43,"column":8},"end":{"line":51,"column":9}},"19":{"start":{"line":44,"column":56},"end":{"line":44,"column":138}},"20":{"start":{"line":45,"column":12},"end":{"line":47,"column":13}},"21":{"start":{"line":46,"column":16},"end":{"line":46,"column":45}},"22":{"start":{"line":48,"column":12},"end":{"line":48,"column":34}},"23":{"start":{"line":50,"column":12},"end":{"line":50,"column":24}},"24":{"start":{"line":56,"column":13},"end":{"line":56,"column":45}}},"fnMap":{"0":{"name":"(anonymous_7)","decl":{"start":{"line":4,"column":10},"end":{"line":4,"column":16}},"loc":{"start":{"line":4,"column":35},"end":{"line":11,"column":null}}},"1":{"name":"(anonymous_9)","decl":{"start":{"line":13,"column":10},"end":{"line":13,"column":16}},"loc":{"start":{"line":13,"column":30},"end":{"line":21,"column":null}}},"2":{"name":"(anonymous_11)","decl":{"start":{"line":23,"column":10},"end":{"line":23,"column":21}},"loc":{"start":{"line":23,"column":34},"end":{"line":30,"column":null}}},"3":{"name":"(anonymous_13)","decl":{"start":{"line":32,"column":10},"end":{"line":32,"column":16}},"loc":{"start":{"line":32,"column":16},"end":{"line":40,"column":null}}},"4":{"name":"(anonymous_15)","decl":{"start":{"line":42,"column":10},"end":{"line":42,"column":16}},"loc":{"start":{"line":42,"column":46},"end":{"line":52,"column":null}}}},"branchMap":{"0":{"loc":{"start":{"line":45,"column":12},"end":{"line":47,"column":13}},"type":"if","locations":[{"start":{"line":45,"column":12},"end":{"line":47,"column":13}}]}},"s":{"0":4,"1":2,"2":2,"3":1,"4":1,"5":2,"6":2,"7":2,"8":0,"9":2,"10":2,"11":2,"12":0,"13":1,"14":1,"15":1,"16":0,"17":0,"18":2,"19":2,"20":2,"21":1,"22":2,"23":0,"24":4},"f":{"0":2,"1":2,"2":2,"3":1,"4":2},"b":{"0":[1]}}
}
