TN:
SF:src\controllers\index.ts
FNF:0
FNH:0
DA:1,1
DA:2,1
LF:2
LH:2
BRF:0
BRH:0
end_of_record
TN:
SF:src\controllers\product.controller.ts
FN:7,(anonymous_7)
FN:23,(anonymous_9)
FN:37,(anonymous_11)
FN:46,(anonymous_13)
FNF:4
FNH:0
FNDA:0,(anonymous_7)
FNDA:0,(anonymous_9)
FNDA:0,(anonymous_11)
FNDA:0,(anonymous_13)
DA:2,1
DA:8,0
DA:9,0
DA:10,0
DA:11,0
DA:12,0
DA:14,0
DA:15,0
DA:18,0
DA:19,0
DA:24,0
DA:25,0
DA:26,0
DA:27,0
DA:28,0
DA:29,0
DA:31,0
DA:33,0
DA:38,0
DA:39,0
DA:40,0
DA:42,0
DA:47,0
DA:48,0
DA:49,0
DA:50,0
DA:51,0
DA:53,0
DA:55,0
DA:62,1
LF:30
LH:2
BRDA:10,0,0,0
BRDA:27,1,0,0
BRDA:50,2,0,0
BRF:3
BRH:0
end_of_record
TN:
SF:src\controllers\user.controller.ts
FN:7,(anonymous_7)
FN:24,(anonymous_9)
FN:38,(anonymous_11)
FN:47,(anonymous_13)
FN:74,(anonymous_15)
FNF:5
FNH:5
FNDA:2,(anonymous_7)
FNDA:2,(anonymous_9)
FNDA:1,(anonymous_11)
FNDA:3,(anonymous_13)
FNDA:3,(anonymous_15)
DA:2,1
DA:8,2
DA:9,2
DA:10,2
DA:11,1
DA:12,1
DA:14,1
DA:15,1
DA:16,1
DA:19,0
DA:20,0
DA:25,2
DA:26,2
DA:27,2
DA:28,2
DA:29,1
DA:30,1
DA:32,1
DA:34,0
DA:39,1
DA:40,1
DA:41,1
DA:43,0
DA:48,3
DA:49,3
DA:50,3
DA:51,1
DA:52,1
DA:54,2
DA:56,2
DA:57,1
DA:61,2
DA:62,2
DA:68,0
DA:75,3
DA:76,3
DA:77,3
DA:78,2
DA:79,1
DA:81,2
DA:83,1
DA:90,1
LF:42
LH:37
BRDA:10,0,0,1
BRDA:28,1,0,1
BRDA:50,2,0,1
BRDA:56,3,0,1
BRDA:78,4,0,1
BRF:5
BRH:5
end_of_record
TN:
SF:src\models\index.ts
FNF:0
FNH:0
DA:1,1
DA:2,1
LF:2
LH:2
BRF:0
BRH:0
end_of_record
TN:
SF:src\models\product.model.ts
FNF:0
FNH:0
DA:1,1
DA:14,1
DA:21,1
LF:3
LH:3
BRF:0
BRH:0
end_of_record
TN:
SF:src\models\user.model.ts
FNF:0
FNH:0
DA:1,1
DA:14,1
DA:21,1
LF:3
LH:3
BRF:0
BRH:0
end_of_record
TN:
SF:src\services\index.ts
FNF:0
FNH:0
DA:1,2
DA:2,2
DA:3,2
LF:3
LH:3
BRF:0
BRH:0
end_of_record
TN:
SF:src\services\product.service.ts
FN:4,(anonymous_7)
FN:13,(anonymous_9)
FN:23,(anonymous_11)
FN:32,(anonymous_13)
FN:42,(anonymous_15)
FNF:5
FNH:0
FNDA:0,(anonymous_7)
FNDA:0,(anonymous_9)
FNDA:0,(anonymous_11)
FNDA:0,(anonymous_13)
FNDA:0,(anonymous_15)
DA:1,2
DA:5,0
DA:6,0
DA:7,0
DA:9,0
DA:14,0
DA:15,0
DA:16,0
DA:18,0
DA:24,0
DA:25,0
DA:26,0
DA:28,0
DA:33,0
DA:34,0
DA:35,0
DA:37,0
DA:38,0
DA:43,0
DA:44,0
DA:45,0
DA:47,0
DA:53,2
LF:23
LH:2
BRF:0
BRH:0
end_of_record
TN:
SF:src\services\security.service.ts
FN:7,(anonymous_8)
FN:11,(anonymous_10)
FN:15,(anonymous_12)
FNF:3
FNH:3
FNDA:2,(anonymous_8)
FNDA:2,(anonymous_10)
FNDA:3,(anonymous_12)
DA:1,2
DA:3,2
DA:8,2
DA:12,2
DA:16,3
DA:21,2
LF:6
LH:6
BRF:0
BRH:0
end_of_record
TN:
SF:src\services\user.service.ts
FN:4,(anonymous_7)
FN:13,(anonymous_9)
FN:23,(anonymous_11)
FN:32,(anonymous_13)
FN:42,(anonymous_15)
FNF:5
FNH:5
FNDA:2,(anonymous_7)
FNDA:2,(anonymous_9)
FNDA:2,(anonymous_11)
FNDA:1,(anonymous_13)
FNDA:2,(anonymous_15)
DA:1,2
DA:5,2
DA:6,2
DA:7,1
DA:9,1
DA:14,2
DA:15,2
DA:16,2
DA:18,0
DA:24,2
DA:25,2
DA:26,2
DA:28,0
DA:33,1
DA:34,1
DA:35,1
DA:37,0
DA:38,0
DA:43,2
DA:44,2
DA:45,2
DA:46,1
DA:48,2
DA:50,0
DA:56,2
LF:25
LH:20
BRDA:45,0,0,1
BRF:1
BRH:1
end_of_record
