TN:
SF:src\controllers\order.controller.ts
FN:9,(anonymous_7)
FN:18,(anonymous_9)
FN:27,(anonymous_11)
FN:57,(anonymous_13)
FN:89,(anonymous_15)
FN:125,(anonymous_17)
FNF:6
FNH:6
FNDA:2,(anonymous_7)
FNDA:3,(anonymous_9)
FNDA:4,(anonymous_11)
FNDA:5,(anonymous_13)
FNDA:5,(anonymous_15)
FNDA:3,(anonymous_17)
DA:2,1
DA:4,1
DA:10,2
DA:11,2
DA:12,1
DA:14,1
DA:19,3
DA:20,3
DA:21,2
DA:23,1
DA:28,4
DA:29,4
DA:31,4
DA:33,4
DA:34,1
DA:35,1
DA:38,3
DA:39,1
DA:40,1
DA:42,2
DA:43,1
DA:44,1
DA:47,1
DA:49,0
DA:50,0
DA:58,5
DA:59,5
DA:60,5
DA:61,5
DA:62,1
DA:63,1
DA:66,4
DA:67,4
DA:69,4
DA:70,1
DA:71,1
DA:74,3
DA:75,1
DA:76,1
DA:79,2
DA:80,2
DA:81,2
DA:83,0
DA:84,0
DA:85,0
DA:90,5
DA:91,5
DA:92,5
DA:93,1
DA:94,1
DA:97,4
DA:98,4
DA:100,4
DA:101,1
DA:102,1
DA:105,3
DA:106,1
DA:107,1
DA:110,2
DA:111,0
DA:112,0
DA:115,2
DA:116,2
DA:118,0
DA:126,3
DA:127,3
DA:128,3
DA:130,3
DA:131,1
DA:132,1
DA:135,2
DA:136,2
DA:137,1
DA:138,1
DA:141,1
DA:143,0
DA:144,0
DA:145,0
DA:150,1
LF:79
LH:68
BRDA:33,0,0,1
BRDA:38,1,0,1
BRDA:42,2,0,1
BRDA:42,3,0,2
BRDA:42,3,1,2
BRDA:61,4,0,1
BRDA:69,5,0,1
BRDA:74,6,0,1
BRDA:74,7,0,3
BRDA:74,7,1,2
BRDA:92,8,0,1
BRDA:100,9,0,1
BRDA:105,10,0,1
BRDA:105,11,0,3
BRDA:105,11,1,2
BRDA:110,12,0,0
BRDA:110,13,0,2
BRDA:110,13,1,1
BRDA:130,14,0,1
BRDA:136,15,0,1
BRF:20
BRH:19
end_of_record
TN:
SF:src\controllers\product.controller.ts
FN:7,(anonymous_7)
FN:23,(anonymous_9)
FN:37,(anonymous_11)
FN:46,(anonymous_13)
FNF:4
FNH:4
FNDA:3,(anonymous_7)
FNDA:2,(anonymous_9)
FNDA:1,(anonymous_11)
FNDA:2,(anonymous_13)
DA:2,1
DA:8,3
DA:9,3
DA:10,3
DA:11,1
DA:12,1
DA:14,2
DA:15,1
DA:18,1
DA:19,1
DA:24,2
DA:25,2
DA:26,2
DA:27,2
DA:28,1
DA:29,1
DA:31,1
DA:33,0
DA:38,1
DA:39,1
DA:40,1
DA:42,0
DA:47,2
DA:48,2
DA:49,2
DA:50,2
DA:51,1
DA:53,2
DA:55,0
DA:62,1
LF:30
LH:27
BRDA:10,0,0,1
BRDA:27,1,0,1
BRDA:50,2,0,1
BRF:3
BRH:3
end_of_record
TN:
SF:src\models\index.ts
FNF:0
FNH:0
DA:1,4
DA:2,4
DA:3,4
LF:3
LH:3
BRF:0
BRH:0
end_of_record
TN:
SF:src\models\order.model.ts
FNF:0
FNH:0
DA:1,5
DA:25,5
DA:50,5
LF:3
LH:3
BRF:0
BRH:0
end_of_record
TN:
SF:src\models\product.model.ts
FNF:0
FNH:0
DA:1,4
DA:14,4
DA:21,4
LF:3
LH:3
BRF:0
BRH:0
end_of_record
TN:
SF:src\models\user.model.ts
FNF:0
FNH:0
DA:1,4
DA:14,4
DA:21,4
LF:3
LH:3
BRF:0
BRH:0
end_of_record
TN:
SF:src\services\index.ts
FNF:0
FNH:0
DA:1,2
DA:2,2
DA:3,2
DA:4,2
LF:4
LH:4
BRF:0
BRH:0
end_of_record
TN:
SF:src\services\order.service.ts
FN:5,(anonymous_7)
FN:14,(anonymous_9)
FN:21,(anonymous_11)
FN:29,(anonymous_13)
FN:37,(anonymous_15)
FN:44,(anonymous_17)
FN:59,(anonymous_19)
FNF:7
FNH:7
FNDA:2,(anonymous_7)
FNDA:2,(anonymous_9)
FNDA:3,(anonymous_11)
FNDA:3,(anonymous_13)
FNDA:3,(anonymous_15)
FNDA:1,(anonymous_17)
FNDA:3,(anonymous_19)
DA:1,3
DA:6,2
DA:7,2
DA:8,1
DA:10,1
DA:15,2
DA:16,2
DA:18,1
DA:22,3
DA:23,3
DA:25,1
DA:30,3
DA:31,3
DA:33,1
DA:38,3
DA:39,3
DA:41,1
DA:45,1
DA:46,1
DA:51,1
DA:53,0
DA:54,0
DA:60,3
DA:61,3
DA:63,1
DA:68,3
LF:26
LH:24
BRF:0
BRH:0
end_of_record
TN:
SF:src\services\product.service.ts
FN:4,(anonymous_7)
FN:13,(anonymous_9)
FN:23,(anonymous_11)
FN:32,(anonymous_13)
FN:42,(anonymous_15)
FNF:5
FNH:5
FNDA:2,(anonymous_7)
FNDA:3,(anonymous_9)
FNDA:2,(anonymous_11)
FNDA:2,(anonymous_13)
FNDA:3,(anonymous_15)
DA:1,3
DA:5,2
DA:6,2
DA:7,1
DA:9,1
DA:14,3
DA:15,3
DA:16,2
DA:18,1
DA:24,2
DA:25,2
DA:26,2
DA:28,0
DA:33,2
DA:34,2
DA:35,1
DA:37,1
DA:38,1
DA:43,3
DA:44,3
DA:45,2
DA:47,1
DA:53,3
LF:23
LH:22
BRF:0
BRH:0
end_of_record
TN:
SF:src\services\security.service.ts
FN:7,(anonymous_8)
FN:11,(anonymous_10)
FN:15,(anonymous_12)
FN:19,(anonymous_14)
FN:27,(anonymous_16)
FNF:5
FNH:0
FNDA:0,(anonymous_8)
FNDA:0,(anonymous_10)
FNDA:0,(anonymous_12)
FNDA:0,(anonymous_14)
FNDA:0,(anonymous_16)
DA:1,2
DA:3,2
DA:8,0
DA:12,0
DA:16,0
DA:20,0
DA:21,0
DA:22,0
DA:24,0
DA:28,0
DA:29,0
DA:31,0
DA:32,0
DA:33,0
DA:34,0
DA:37,0
DA:39,0
DA:45,0
DA:51,2
LF:19
LH:3
BRDA:21,0,0,0
BRDA:21,0,1,0
BRDA:28,1,0,0
BRDA:33,2,0,0
BRDA:33,3,0,0
BRDA:33,3,1,0
BRDA:37,4,0,0
BRDA:37,4,1,0
BRF:8
BRH:0
end_of_record
TN:
SF:src\services\user.service.ts
FN:4,(anonymous_7)
FN:13,(anonymous_9)
FN:23,(anonymous_11)
FN:32,(anonymous_13)
FN:42,(anonymous_15)
FNF:5
FNH:0
FNDA:0,(anonymous_7)
FNDA:0,(anonymous_9)
FNDA:0,(anonymous_11)
FNDA:0,(anonymous_13)
FNDA:0,(anonymous_15)
DA:1,2
DA:5,0
DA:6,0
DA:7,0
DA:9,0
DA:14,0
DA:15,0
DA:16,0
DA:18,0
DA:24,0
DA:25,0
DA:26,0
DA:28,0
DA:33,0
DA:34,0
DA:35,0
DA:37,0
DA:38,0
DA:43,0
DA:44,0
DA:45,0
DA:46,0
DA:48,0
DA:50,0
DA:56,2
LF:25
LH:2
BRDA:45,0,0,0
BRF:1
BRH:0
end_of_record
